2014-05-23 11:46 PM [INFO] 	Saving log...
2014-05-23 11:46 PM [INFO] 	Saving log...
2014-05-23 11:49 PM [INFO] 	Mouse clicked!: 528, 87
2014-05-23 11:49 PM [INFO] 	Saving log...
2014-05-24 12:02 AM [INFO] 	Saving log...
2014-05-24 12:02 AM [INFO] 	Saving log...
2014-05-24 12:03 AM [INFO] 	Mouse clicked!: 536, 80
2014-05-24 12:03 AM [INFO] 	Mouse clicked!: 527, 76
2014-05-24 12:03 AM [INFO] 	Mouse clicked!: 532, 80
2014-05-24 12:03 AM [INFO] 	Mouse clicked!: 532, 80
2014-05-24 12:03 AM [INFO] 	Mouse clicked!: 532, 80
2014-05-24 12:03 AM [INFO] 	Mouse clicked!: 532, 80
2014-05-24 12:03 AM [INFO] 	Saving log...
2014-05-24 12:06 AM [INFO]      Mouse clicked!: 527, 83
2014-05-24 12:06 AM [INFO]      Mouse clicked!: 527, 83
2014-05-24 12:06 AM [INFO]      Mouse clicked!: 527, 83
2014-05-24 12:06 AM [INFO]      Mouse clicked!: 527, 83
2014-05-24 12:06 AM [INFO]      Mouse clicked!: 527, 83
2014-05-24 12:06 AM [INFO]      Mouse clicked!: 527, 83
2014-05-24 12:06 AM [INFO]      Mouse clicked!: 698, 218
2014-05-24 12:06 AM [INFO]      Mouse clicked!: 578, 473
2014-05-24 12:06 AM [INFO]      Mouse clicked!: 316, 570
2014-05-24 12:06 AM [INFO]      Saving log...
2014-05-24 12:10 AM [INFO]      Mouse clicked!: 524, 78
2014-05-24 12:10 AM [INFO]      Saving log...
2014-05-24 12:10 AM [INFO]      Mouse clicked!: 527, 85
2014-05-24 12:10 AM [INFO]      Saving log...
2014-05-24 12:13 AM [INFO]      Saving log...
2014-05-24 12:14 AM [INFO]      Saving log...
2014-05-24 12:14 AM [INFO]      Saving log...
2014-05-24 12:15 AM [INFO]      Saving log...
2014-05-24 12:19 AM [INFO]      Saving log...
2014-05-24 12:19 AM [INFO]      Saving log...
2014-05-24 12:20 AM [INFO]      Saving log...
2014-05-24 12:20 AM [INFO]      Saving log...
2014-05-24 12:21 AM [INFO]      Mouse clicked!: 785, 49
2014-05-24 12:21 AM [INFO]      Mouse clicked!: 791, 46
2014-05-24 12:21 AM [INFO]      Mouse clicked!: 794, 43
2014-05-24 12:21 AM [INFO]      Saving log...
2014-05-24 12:21 AM [INFO]      Mouse clicked!: 797, 43
2014-05-24 12:21 AM [INFO]      Mouse clicked!: 797, 43
2014-05-24 12:21 AM [INFO]      Mouse clicked!: 785, 45
2014-05-24 12:21 AM [INFO]      Mouse clicked!: 801, 44
2014-05-24 12:21 AM [INFO]      Saving log...
2014-05-24 12:21 AM [INFO]      Saving log...
2014-05-24 12:22 AM [INFO]      Mouse clicked!: 794, 49
2014-05-24 12:22 AM [INFO]      Mouse clicked!: 795, 45
2014-05-24 12:22 AM [INFO]      Saving log...
2014-05-24 12:23 AM [INFO]      Mouse clicked!: 789, 43
2014-05-24 12:23 AM [INFO]      Mouse clicked!: 789, 49
2014-05-24 12:24 AM [INFO]      Saving log...
2014-05-24 12:24 AM [INFO]      Mouse clicked!: 827, 171
2014-05-24 12:25 AM [INFO]      Saving log...
2014-05-24 12:25 AM [INFO]      Saving log...
2014-05-24 12:25 AM [INFO]      Mouse clicked!: 797, 36
2014-05-24 12:25 AM [INFO]      Mouse clicked!: 797, 46
2014-05-24 12:25 AM [INFO]      Saving log...
2014-05-24 12:25 AM [INFO]      Saving log...
2014-05-24 12:26 AM [INFO]      Mouse clicked!: 794, 42
2014-05-24 12:26 AM [INFO]      Saving log...
2014-05-24 12:26 AM [INFO]      Saving log...
2014-05-24 12:27 AM [INFO]      Saving log...
2014-05-24 12:28 AM [INFO]      Mouse clicked!: 793, 45
2014-05-24 12:28 AM [INFO]      Saving log...
2014-05-24 12:30 AM [INFO]      Mouse clicked!: 789, 46
2014-05-24 12:30 AM [INFO]      Saving log...
2014-05-24 12:30 AM [INFO]      Saving log...
2014-05-24 12:30 AM [INFO]      Mouse clicked!: 786, 47
2014-05-24 12:31 AM [INFO]      Saving log...
2014-05-24 12:31 AM [INFO]      Mouse clicked!: 789, 40
2014-05-24 12:31 AM [INFO]      Saving log...
2014-05-24 12:31 AM [INFO]      Mouse clicked!: 788, 44
2014-05-24 12:31 AM [INFO]      Saving log...
2014-05-24 12:32 AM [INFO]      Saving log...
2014-05-24 12:32 AM [INFO]      Mouse clicked!: 507, 521
2014-05-24 12:32 AM [INFO]      Saving log...
2014-05-24 12:33 AM [INFO]      Saving log...
2014-05-24 12:34 AM [INFO]      Saving log...
2014-05-24 12:34 AM [INFO]      Saving log...
2014-05-24 12:34 AM [INFO]      Saving log...
2014-05-24 12:35 AM [INFO]      Saving log...
2014-05-24 12:35 AM [INFO]      Mouse clicked!: 792, 47
2014-05-24 12:35 AM [INFO]      Saving log...
2014-05-24 12:35 AM [INFO]      Mouse clicked!: 790, 52
2014-05-24 12:35 AM [INFO]      Saving log...
2014-05-24 12:38 AM [INFO]      Saving log...
2014-05-24 12:40 AM [INFO]      Mouse clicked!: 796, 41
2014-05-24 12:40 AM [INFO]      Mouse clicked!: 751, 62
2014-05-24 12:40 AM [INFO]      Mouse clicked!: 314, 162
2014-05-24 12:40 AM [INFO]      Mouse clicked!: 308, 582
2014-05-24 12:40 AM [INFO]      Mouse clicked!: 438, 584
2014-05-24 12:40 AM [INFO]      Mouse clicked!: 567, 577
2014-05-24 12:40 AM [INFO]      Mouse clicked!: 677, 577
2014-05-24 12:40 AM [INFO]      Mouse clicked!: 454, 614
2014-05-24 12:40 AM [INFO]      Mouse clicked!: 419, 648
2014-05-24 12:40 AM [INFO]      Mouse clicked!: 190, 208
2014-05-24 12:40 AM [INFO]      Saving log...
2014-05-24 12:41 AM [INFO]      Mouse clicked!: 365, 565
2014-05-24 12:41 AM [INFO]      Mouse clicked!: 530, 567
2014-05-24 12:41 AM [INFO]      Mouse clicked!: 656, 567
2014-05-24 12:41 AM [INFO]      Mouse clicked!: 764, 408
2014-05-24 12:41 AM [INFO]      Mouse clicked!: 529, 532
2014-05-24 12:41 AM [INFO]      Saving log...
